            256
     6.98864372
  -1.3163223722   -0.1153065459   -1.4402634722
   1.7154662784   -2.6397907182   -1.0788900668
  -3.4226558574   -1.9263630682    3.2025837578
  -2.1914662743   -1.8802106990    0.2217815485
  -3.2317918119   -1.6303121340   -2.4729758983
   1.8544190129    2.7874646796    1.1403785705
   1.0256369072   -1.4178360188    2.0066907926
   0.3340178939   -0.1477957795    2.3679090464
  -1.4572201865   -3.3405137357   -2.5740455447
  -2.8813386760   -2.6116286684   -1.8120694078
   1.7766141026   -2.9679955733   -2.0934776981
  -2.9137239935   -2.9033056308   -3.4053134459
   3.4472574574   -2.0363980380   -0.4075356949
  -1.9301394161   -3.2046145603   -3.4666198574
  -1.4436472842   -0.9330513276    1.6221224561
   2.0556130164   -1.0807701863    1.1803460446
  -0.6628057438   -0.5129479539    2.8588112162
  -2.0972334517    2.4308791560    0.7065958918
   0.9913927761   -1.1589491972    0.9251298695
   0.1801123613   -0.4572764201   -2.9859829526
  -0.5563319946    0.6191483975   -1.1445372688
   1.4348926578    0.0312709075    0.7503387018
   0.9190450790    1.1082910018    0.8955460961
   0.2477965242    2.4020380426    2.7981098419
   3.1089486953   -0.8341902651   -2.6422859142
  -2.5866734861    1.3518396058   -0.7702163332
   2.7063675203   -1.9529297960    2.5502480486
  -2.7259724807    2.3662981740   -2.4873180741
   2.5521851341    0.7541812663    2.7447219728
  -2.0937822299    3.4556253458    1.1748679189
   0.1324771950    0.7200854256    1.6819262515
  -1.8822040564    2.4297828967   -0.4378638370
  -2.8798298540    2.8178723696    1.3588338775
  -0.9479027375    1.9790647988   -3.1602017611
   0.6437104840    2.4048003108    1.6253238612
  -1.8451543082    2.9670498740    2.3813527419
  -2.3868031524    3.4494429872   -2.3654364724
  -1.8520550987   -0.9197951225    0.3545353856
  -1.2953603651   -2.6834400083    1.2519048847
   2.2007929108    1.7826160395    1.3070098429
   0.8193209947    0.9113744357   -2.6820462840
   0.2373764435    1.2689644656   -1.9336581049
  -2.8639331077   -0.8634741539    0.6076682795
   2.6493042416   -1.2195876018    3.2378212833
  -2.6401525480   -2.9446351724    0.5463390756
   2.2800916980   -2.6554474881   -0.0991585053
   1.3467624553    0.2133591229   -1.1268326289
   2.9751207100   -0.9489227464   -0.6123323946
   2.9751418275    2.9162715476    3.1326426255
  -1.6550518071   -2.7164034872    0.2063743156
   2.8076629786    2.5301040642   -2.8631437922
   3.3916786622   -2.5891529509   -2.7431825769
  -0.9581175570   -1.7582093839    2.0764820931
  -1.3217938161    3.2942718373    0.4324817704
  -2.3512320875   -2.4013539938   -2.7347101082
  -1.4411641634    0.8297473708   -0.9167247924
  -0.3997979783    1.1797308572    0.8395261876
   1.7605726510   -1.0168546378    0.0540655867
   2.0054958895   -2.9598148651    1.6531557178
   0.6995732552    1.5232992764    3.1905279755
  -2.7855285852    0.6874308170    1.6813996475
  -0.1413807878    1.4266574689   -3.1478586039
  -1.1684322073    3.1064774372    3.4777336012
  -2.4512533103   -1.8670724939    3.0903422589
  -2.1131494971   -0.7144677705    2.8954335823
   1.2895513339    0.3249136597    2.6953374576
   0.3983218128    0.2186392864    0.6968263367
   2.2271006413    1.1845411608   -2.6777446183
   2.1204557732    1.5129435265    0.3406731922
  -1.9920936888   -1.6290422536    2.1891973836
   3.2691451497   -3.1290238679    0.0785409228
  -3.1970586610   -0.3094451445   -0.4177249763
  -1.4366787067   -1.1638935345   -2.2433973445
  -2.3813737437   -1.4942702160    1.3060890767
  -0.5985785076    2.9046355356   -2.5798162974
  -2.8794753643    2.7620651621   -0.8896376268
   1.0621029099    3.2565443223    2.4750662929
  -3.1399383927   -0.5785556911   -1.4407350593
  -3.2439607674    1.8310693346   -1.3461781482
   0.1085290052   -1.1214795669    3.2624186292
   3.0592480217    1.0762347393   -3.2403811422
  -0.1339153661    3.3708492622    0.9052718890
  -2.2057948266   -0.5976935478   -1.7469790606
   2.5672248424    2.8677445913    2.0828666968
   1.1288403710    1.3748420709   -0.9089154380
   3.3490305835    1.6124187020    0.5710088240
   0.3003531850    2.1273869318   -2.4937883956
  -1.5881067348    2.4506617588   -2.3208334926
  -2.3638774276   -2.6248294972   -0.6904242250
  -2.4183472539   -1.5968050764   -1.8985337122
   1.4100587163    2.2600935345   -0.1542557349
  -2.0821775458   -1.4559528016   -2.9374131051
   2.8830431104    0.0639760454   -1.0634348268
   0.9864025108   -0.5995512454    3.1923383167
  -3.1689112750    0.9750643713    2.7156533263
  -2.9179680713    2.0960591079    0.0989111020
  -2.2203711401    1.3347842433   -1.8575128245
  -3.0701802927    1.7328950739   -3.2172954983
  -0.7340491371   -2.8135240020    3.3275138053
   2.7458116015   -2.0634639111   -2.0791359234
   1.3175922627   -3.1219841842   -0.0750187094
   1.5784916709    2.3140813220    2.1662745931
   2.2816008560    0.7889934787   -1.6381273270
  -1.2746272145   -1.6977720739    0.7057878735
   3.4115981544    2.0802027182    2.7402348267
  -3.2103592101   -0.8161829724    3.3175128389
   1.9864862497    3.2634378774   -3.1497932471
  -1.5332852214    1.4036324812    0.1950625487
   0.0992382831   -2.3116516959    3.3651057681
  -2.1559845353    1.0342229319    2.5739936525
  -1.9094585840    0.3869272936   -2.3923472986
   1.2417660983   -1.4400502037   -0.8796137308
   3.0248281632    2.9250898101   -1.1854671591
   3.1302299232   -2.9905026094   -1.8674810135
  -2.6457871186    1.9460500643    2.8113234545
  -3.3139251607    3.0742794396   -2.0255502130
  -1.1713832197    3.2036701050   -1.5257735722
  -1.6904826500    0.2449692614   -0.1163916448
   0.4197902220    1.8979173835    0.5419878009
  -0.0491182953   -1.7793504437    0.5425281113
  -1.6958128034   -1.6319975826   -0.8922099317
  -2.8552332653   -1.2751538249   -0.5979411777
  -0.7599812766    2.2640877343    0.6453990793
   0.0774424241    2.7579123356   -0.0655821810
   3.0234902638   -0.4929061071    0.7626772638
   0.3107904859   -2.1700257007    2.3651999087
  -2.5336809574    0.5104343164   -3.4722852637
   2.8299114995   -1.0688930342   -1.6461605677
   2.3318066976   -1.8373418001   -0.8502162505
   1.9460284855    2.7124511615    2.9863506668
   0.2246668920    3.3333512592    1.9698029332
  -0.3879444894    2.3694377348    1.7797355252
   2.1729185431   -3.2427013034    2.8350700115
  -0.7641600374   -0.1567827076   -0.4207419769
   1.9826616355   -0.2066397780   -2.0193753949
  -3.1531979269   -3.1954432032   -0.7844258559
  -3.0032547867   -2.7755019879    2.5573581491
  -0.5791852470   -1.2540477464   -0.3640460592
   0.8655094511   -2.0530913394    0.0775950328
   2.5083530989    1.9046966497    3.3544811617
  -3.0950651545    2.9423660765    2.5601091732
  -3.3154091635   -2.0356539519    1.8562999099
   1.5036951644    1.8694139120   -3.0787565078
  -2.4695439108    3.1632446828    0.0149707199
   2.0968903134   -1.0835239286    2.3911421371
  -1.0141382702    1.2942887623    1.9817631797
   2.5050954587    1.2453480218   -0.6249811420
   0.9922554693   -2.6617230503   -2.9235706880
  -0.2113953584   -3.2533449043   -1.3381851379
   3.2961720758   -0.2738669321    2.5279820999
   0.4495884994   -3.4689203398   -2.5409953867
   1.1518263579   -0.7397148761   -1.7677890524
   2.0834088785   -2.2689488668    3.4558001013
   2.9860539937   -3.0839957325    2.0643525177
   2.9738605179    3.4691434653   -2.6953505892
  -0.5764450315    0.7648814682   -0.1134429067
  -2.1525121850    2.5951120847    3.4025409812
   2.4853211175    3.1802720590   -0.3139244381
  -0.9115235317   -2.1931623729   -0.4943822542
  -0.1224694743    3.1877577315    3.4670605542
  -1.1431499912   -2.1221057336   -2.7827117635
  -0.9967623429    1.1248987654    3.0611872068
   2.6014050612   -0.1563043643    1.6374514585
   2.2509888787    2.1395055031   -0.9083397449
  -0.8882857564   -0.2853426447   -2.4769063082
  -2.8878675170   -1.0069330931    2.2043025314
   2.6175302715   -3.0495230502   -1.0441526318
   1.0860622138   -3.3725338383    1.3994403810
   2.4332256365   -2.0107258912    1.5553521683
   2.1281404161   -1.5686737874   -2.6944141547
   0.2697063055    0.5090282843    3.4256375993
   1.5473296444   -2.1856907945    0.9168022689
   0.8516000363    1.3133111996    2.1242664269
   1.4189791124   -1.6902486990   -1.9819809771
   0.9693268519   -0.5269806357   -0.4657342179
   1.7300053615    0.6791107025   -0.2905380756
  -0.1698101611   -1.2330651213    1.4069931620
   0.0790250749   -2.7619314309    0.1399045057
   3.1686160922    0.0467556076   -3.3651062363
   2.0570411373   -0.6228214008   -2.9955751952
   3.3018784434    2.0543029278    1.5956464945
   2.5829300476    1.5861914325    2.1749429184
  -1.4086156712    1.7757239362   -1.1585891842
  -1.7154764957    0.7130541359    0.8680619032
   0.8740961728    3.3879018589   -1.3980580977
   3.2170142315    1.5084572058   -2.2530821148
   2.1205120026   -3.3372090362    0.5777216975
  -3.1525180895   -2.0224194879    0.8628398146
  -0.8097501306   -0.6243343538    0.6338841192
   1.2468847721   -3.0289013403    3.1723404156
  -2.0456013539    1.3932571859   -3.1878016891
  -1.5337329079    0.3605218287    2.0647600907
   0.1196251317   -0.6448170926    0.0328633552
  -3.4152131981   -1.8022447323   -1.3586717308
  -1.8029481575   -2.5067291905   -1.7144399010
  -1.5959417989   -0.0445465506   -3.4887026199
   0.6345828640    2.3987965392   -1.0578273089
  -0.7768971074    1.2208632244   -2.0810012146
  -0.8148893544   -1.0509747305   -3.1288291456
   1.8473662054    3.0107096282   -1.2467858534
   1.2125105476    2.7355810650   -2.3294605567
   1.8150544670    0.6077066154    1.5407874956
  -0.4529184734   -2.8168694038   -2.4654516955
  -2.2561216589    0.3198134830   -1.0149865835
  -1.8000805040    2.1747608993    1.6196195636
   1.3140691759   -2.3212293912    2.3474989752
  -0.4566180466   -0.2806535380    1.5195269646
  -0.2787594715    1.7028661133   -1.1789463993
   2.7363217110    0.7239902489    0.7681514518
  -1.1921284500    3.0972731147    1.4161162592
  -2.0987113268    3.4738958381   -1.2836374690
   2.5707252901    2.5090796737    0.3981382484
  -0.6384625441    1.7678181902   -0.2442479090
   0.5817849509    0.4975349194   -0.3729310790
  -3.0348557794   -0.3108010962   -2.7105731447
  -2.0224769755   -0.6497131816   -0.7314377769
  -0.0197492143   -1.6692366270   -2.4823477396
  -0.6458766141    0.4238910654    2.4718332470
   0.2410755243   -1.7742069782   -0.7855253502
  -2.6412733135    0.8750049018    0.1851602849
   3.0663224529    3.1839380994    1.1837091689
   0.5446492476   -2.3621827765    1.3945359579
  -2.1757509791   -0.1931403991    1.1280322556
   3.1799002754   -2.9972485396    3.2000075303
   2.0715019690   -0.5822669552   -0.9534367179
   2.8376730382   -1.7011577530    0.4994234897
   1.5993239446    1.8586524802   -1.8531005791
  -3.1881134964    0.7454582759   -1.5549251102
   0.9176914162   -1.0848070708   -2.7155470881
  -1.0243129102   -3.4265232992   -0.5602440734
  -0.9474443902   -1.9132837942   -1.6747434535
   3.4406897092    0.7606274245   -0.2820917913
   2.9873879378   -2.7090355483    0.9790518274
  -0.7094788416   -0.8999565579   -1.4062168903
   3.0619434437    0.2156916214   -2.3283668469
  -0.9081160254   -3.1158494751    2.1529301917
   1.0969062416   -1.6111564586    3.3644114985
  -0.6883859183    0.5862028984   -2.9192502451
   0.5385296165   -2.6661079398   -1.6463542301
   1.8395206853    0.3817933507   -3.3635702906
  -1.4488289312    2.0602701770    2.9130322391
   1.0488238798    2.7196814571   -3.4815003992
   1.6617370584    1.2694949973    2.9564681129
  -3.1828725507   -0.2357806958    1.5850232988
   1.3378900211   -0.5005214820    1.7144577999
  -2.3478086003   -2.5336740681    1.3434122008
  -1.8428402335   -2.8172579534    2.5030244422
   3.2100932487   -1.1806604373    1.5569660775
  -2.8916387437    0.8213362478   -2.5835238369
   3.1291068235    2.0654056483   -0.4810252643
  -1.3466374423   -1.7667924319    3.1273194160
  -3.1301199722   -3.0959489710    1.4975321739
  -2.6456755040    1.6646274701    1.0416868957
   0.2506251905   -0.1803351298   -1.6148385369
  -2.9969954825    3.1034290575   -3.2443824921
   3.4534887912    2.9257722270    0.0801768157
